Using pre-set license
Built from '2021.1/staging' branch; Version is '2021.1.25f1 (b6f2b893ea32) revision 11989688'; Using compiler version '192528614'; Build Type 'Release'
OS: 'Windows 10 Home; OS build 22000.376; Version 2009; 64bit' Language: 'de' Physical Memory: 15724 MB
BatchMode: 1, IsHumanControllingUs: 0, StartBugReporterOnCrash: 0, Is64bit: 1, IsPro: 0

COMMAND LINE ARGUMENTS:
C:\Program Files\Unity\Hub\Editor\2021.1.25f1\Editor\Unity.exe
-adb2
-batchMode
-noUpm
-name
AssetImportWorker0
-projectPath
C:/Users/enzom/Desktop/FreeThePrinceGitClone/FreeThePrince/FreeThePrince
-logFile
Logs/AssetImportWorker0.log
-srvPort
50506
Successfully changed project path to: C:/Users/enzom/Desktop/FreeThePrinceGitClone/FreeThePrince/FreeThePrince
C:/Users/enzom/Desktop/FreeThePrinceGitClone/FreeThePrince/FreeThePrince
Using Asset Import Pipeline V2.
Refreshing native plugins compatible for Editor in 48.07 ms, found 2 plugins.
Preloading 0 native plugins for Editor in 0.00 ms.
Initialize engine version: 2021.1.25f1 (b6f2b893ea32)
[Subsystems] Discovering subsystems at path C:/Program Files/Unity/Hub/Editor/2021.1.25f1/Editor/Data/Resources/UnitySubsystems
[Subsystems] Discovering subsystems at path C:/Users/enzom/Desktop/FreeThePrinceGitClone/FreeThePrince/FreeThePrince/Assets
GfxDevice: creating device client; threaded=0; jobified=0
Direct3D:
    Version:  Direct3D 11.0 [level 11.1]
    Renderer: NVIDIA GeForce RTX 3070 Laptop GPU (ID=0x249d)
    Vendor:   NVIDIA
    VRAM:     8044 MB
    Driver:   30.0.14.7212
Initialize mono
Mono path[0] = 'C:/Program Files/Unity/Hub/Editor/2021.1.25f1/Editor/Data/Managed'
Mono path[1] = 'C:/Program Files/Unity/Hub/Editor/2021.1.25f1/Editor/Data/MonoBleedingEdge/lib/mono/unityjit'
Mono config path = 'C:/Program Files/Unity/Hub/Editor/2021.1.25f1/Editor/Data/MonoBleedingEdge/etc'
Using monoOptions --debugger-agent=transport=dt_socket,embedding=1,server=y,suspend=n,address=127.0.0.1:56100
Begin MonoManager ReloadAssembly
Registering precompiled unity dll's ...
Register platform support module: C:/Program Files/Unity/Hub/Editor/2021.1.25f1/Editor/Data/PlaybackEngines/WindowsStandaloneSupport/UnityEditor.WindowsStandalone.Extensions.dll
Registered in 0.001634 seconds.
Native extension for WindowsStandalone target not found
Refreshing native plugins compatible for Editor in 45.41 ms, found 2 plugins.
Preloading 0 native plugins for Editor in 0.00 ms.
Mono: successfully reloaded assembly
- Completed reload, in  0.962 seconds
Domain Reload Profiling:
	ReloadAssembly (962ms)
		BeginReloadAssembly (55ms)
			ExecutionOrderSort (0ms)
			DisableScriptedObjects (0ms)
			BackupInstance (0ms)
			ReleaseScriptingObjects (0ms)
			CreateAndSetChildDomain (1ms)
		EndReloadAssembly (362ms)
			LoadAssemblies (53ms)
			RebuildTransferFunctionScriptingTraits (0ms)
			SetupTypeCache (120ms)
			ReleaseScriptCaches (0ms)
			RebuildScriptCaches (22ms)
			SetupLoadedEditorAssemblies (181ms)
				LogAssemblyErrors (0ms)
				InitializePlatformSupportModulesInManaged (5ms)
				SetLoadedEditorAssemblies (0ms)
				RefreshPlugins (45ms)
				BeforeProcessingInitializeOnLoad (1ms)
				ProcessInitializeOnLoadAttributes (104ms)
				ProcessInitializeOnLoadMethodAttributes (24ms)
				AfterProcessingInitializeOnLoad (0ms)
				EditorAssembliesLoaded (0ms)
			ExecutionOrderSort2 (0ms)
			AwakeInstancesAfterBackupRestoration (0ms)
Platform modules already initialized, skipping
Registering precompiled user dll's ...
Registered in 0.002506 seconds.
Begin MonoManager ReloadAssembly
Native extension for WindowsStandalone target not found
Refreshing native plugins compatible for Editor in 45.48 ms, found 2 plugins.
Preloading 0 native plugins for Editor in 0.00 ms.
Mono: successfully reloaded assembly
- Completed reload, in  0.930 seconds
Domain Reload Profiling:
	ReloadAssembly (931ms)
		BeginReloadAssembly (150ms)
			ExecutionOrderSort (0ms)
			DisableScriptedObjects (4ms)
			BackupInstance (0ms)
			ReleaseScriptingObjects (0ms)
			CreateAndSetChildDomain (25ms)
		EndReloadAssembly (728ms)
			LoadAssemblies (87ms)
			RebuildTransferFunctionScriptingTraits (0ms)
			SetupTypeCache (241ms)
			ReleaseScriptCaches (0ms)
			RebuildScriptCaches (36ms)
			SetupLoadedEditorAssemblies (299ms)
				LogAssemblyErrors (0ms)
				InitializePlatformSupportModulesInManaged (3ms)
				SetLoadedEditorAssemblies (0ms)
				RefreshPlugins (46ms)
				BeforeProcessingInitializeOnLoad (58ms)
				ProcessInitializeOnLoadAttributes (183ms)
				ProcessInitializeOnLoadMethodAttributes (4ms)
				AfterProcessingInitializeOnLoad (5ms)
				EditorAssembliesLoaded (0ms)
			ExecutionOrderSort2 (0ms)
			AwakeInstancesAfterBackupRestoration (6ms)
Platform modules already initialized, skipping
========================================================================
Worker process is ready to serve import requests
Launched and connected shader compiler UnityShaderCompiler.exe after 0.04 seconds
Refreshing native plugins compatible for Editor in 0.54 ms, found 2 plugins.
Preloading 0 native plugins for Editor in 0.00 ms.
Unloading 2731 Unused Serialized files (Serialized files now loaded: 0)
System memory in use before: 126.0 MB.
System memory in use after: 126.2 MB.

Unloading 16 unused Assets to reduce memory usage. Loaded Objects now: 3185.
Total: 3.234300 ms (FindLiveObjects: 0.231800 ms CreateObjectMapping: 0.143200 ms MarkObjects: 2.783100 ms  DeleteObjects: 0.075500 ms)

AssetImportParameters requested are different than current active one (requested -> active):
  custom:framework-win-MediaFoundation: 216162199b28c13a410421893ffa2e32 -> 
  custom:video-decoder-ogg-theora: a1e56fd34408186e4bbccfd4996cb3dc -> 
  custom:container-muxer-webm: aa71ff27fc2769a1b78a27578f13a17b -> 
  custom:container-demuxer-webm: 4f35f7cbe854078d1ac9338744f61a02 -> 
  custom:container-demuxer-ogg: 62fdf1f143b41e24485cea50d1cbac27 -> 
  custom:video-encoder-webm-vp8: eb34c28f22e8b96e1ab97ce403110664 -> 
  custom:video-decoder-webm-vp8: 9c59270c3fd7afecdb556c50c9e8de78 -> 
  custom:audio-decoder-ogg-vorbis: bf7c407c2cedff20999df2af8eb42d56 -> 
  custom:audio-encoder-webm-vorbis: bf7c407c2cedff20999df2af8eb42d56 -> 
========================================================================
Received Import Request.
  path: Assets/Prefabs/Enviroment/TrapsPrefabs/TableChan.fbx
  artifactKey: Guid(cc3f3791dd03bc24aa9d0a6c2c545d17) Importer(815301076,1909f56bfc062723c751e8b465ee728b)
Start importing Assets/Prefabs/Enviroment/TrapsPrefabs/TableChan.fbx using Guid(cc3f3791dd03bc24aa9d0a6c2c545d17) Importer(815301076,1909f56bfc062723c751e8b465ee728b)  -> (artifact id: 'ab7fc2bff9776d0ebc824481445dce01') in 0.438743 seconds 
========================================================================
Received Import Request.
  Time since last request: 9.097191 seconds.
  path: Assets/Prefabs/Enviroment/Assets
  artifactKey: Guid(c36b3562c2785e3419bc25543bc035e4) Importer(815301076,1909f56bfc062723c751e8b465ee728b)
Start importing Assets/Prefabs/Enviroment/Assets using Guid(c36b3562c2785e3419bc25543bc035e4) Importer(815301076,1909f56bfc062723c751e8b465ee728b)  -> (artifact id: '2c9666c70a51dc60de5ecf566664c566') in 0.008809 seconds 
========================================================================
Received Import Request.
  Time since last request: 7.228049 seconds.
  path: Assets/Prefabs/Enviroment/AssetsSelfmade
  artifactKey: Guid(c36b3562c2785e3419bc25543bc035e4) Importer(815301076,1909f56bfc062723c751e8b465ee728b)
Start importing Assets/Prefabs/Enviroment/AssetsSelfmade using Guid(c36b3562c2785e3419bc25543bc035e4) Importer(815301076,1909f56bfc062723c751e8b465ee728b)  -> (artifact id: '88e14c793b914cc3fb526159439498d4') in 0.010491 seconds 
========================================================================
Received Import Request.
  Time since last request: 63.866470 seconds.
  path: Assets/Prefabs/Enviroment/AssetsSelfmade/TableChan.fbx
  artifactKey: Guid(cc3f3791dd03bc24aa9d0a6c2c545d17) Importer(815301076,1909f56bfc062723c751e8b465ee728b)
Start importing Assets/Prefabs/Enviroment/AssetsSelfmade/TableChan.fbx using Guid(cc3f3791dd03bc24aa9d0a6c2c545d17) Importer(815301076,1909f56bfc062723c751e8b465ee728b)  -> (artifact id: 'b1f08c6563c1367f48207c6ae8709079') in 0.240763 seconds 
========================================================================
Received Import Request.
  Time since last request: 35.179962 seconds.
  path: Assets/Prefabs/Enviroment/AssetsSelfmade/TableChan.prefab
  artifactKey: Guid(d18ad809eeaeac346a00a9f7783f7701) Importer(815301076,1909f56bfc062723c751e8b465ee728b)
Start importing Assets/Prefabs/Enviroment/AssetsSelfmade/TableChan.prefab using Guid(d18ad809eeaeac346a00a9f7783f7701) Importer(815301076,1909f56bfc062723c751e8b465ee728b)  -> (artifact id: '4c6d828919a38f3a37ab4426530ab7a4') in 0.018571 seconds 
========================================================================
Received Import Request.
  Time since last request: 21.617107 seconds.
  path: Assets/Prefabs/Enviroment/AssetsSelfmade/TableChan.fbx
  artifactKey: Guid(cc3f3791dd03bc24aa9d0a6c2c545d17) Importer(815301076,1909f56bfc062723c751e8b465ee728b)
Start importing Assets/Prefabs/Enviroment/AssetsSelfmade/TableChan.fbx using Guid(cc3f3791dd03bc24aa9d0a6c2c545d17) Importer(815301076,1909f56bfc062723c751e8b465ee728b)  -> (artifact id: '5e2402fc5f78df529f36829b57f98827') in 0.248017 seconds 
========================================================================
Received Import Request.
  Time since last request: 120.513773 seconds.
  path: Assets/Prefabs/Enviroment/AssetsSelfmade/TableChan.prefab
  artifactKey: Guid(d18ad809eeaeac346a00a9f7783f7701) Importer(815301076,1909f56bfc062723c751e8b465ee728b)
Start importing Assets/Prefabs/Enviroment/AssetsSelfmade/TableChan.prefab using Guid(d18ad809eeaeac346a00a9f7783f7701) Importer(815301076,1909f56bfc062723c751e8b465ee728b)  -> (artifact id: 'ca4306adebaca594f29b8306384148b4') in 0.009885 seconds 
========================================================================
Received Import Request.
  Time since last request: 2.992342 seconds.
  path: Assets/Prefabs/Enviroment/AssetsSelfmade/TableChan.prefab
  artifactKey: Guid(d18ad809eeaeac346a00a9f7783f7701) Importer(815301076,1909f56bfc062723c751e8b465ee728b)
Start importing Assets/Prefabs/Enviroment/AssetsSelfmade/TableChan.prefab using Guid(d18ad809eeaeac346a00a9f7783f7701) Importer(815301076,1909f56bfc062723c751e8b465ee728b)  -> (artifact id: '7aae45278e1db75e18ba835eaa2e7fc5') in 0.011071 seconds 
========================================================================
Received Import Request.
  Time since last request: 2.805780 seconds.
  path: Assets/Prefabs/Enviroment/AssetsSelfmade/TableChan.prefab
  artifactKey: Guid(d18ad809eeaeac346a00a9f7783f7701) Importer(815301076,1909f56bfc062723c751e8b465ee728b)
Start importing Assets/Prefabs/Enviroment/AssetsSelfmade/TableChan.prefab using Guid(d18ad809eeaeac346a00a9f7783f7701) Importer(815301076,1909f56bfc062723c751e8b465ee728b)  -> (artifact id: '253d4c3ab4415cb6c244010778caa0c0') in 0.009615 seconds 
========================================================================
Received Import Request.
  Time since last request: 9.868158 seconds.
  path: Assets/Prefabs/Enviroment/AssetsSelfmade/TableChan.prefab
  artifactKey: Guid(d18ad809eeaeac346a00a9f7783f7701) Importer(815301076,1909f56bfc062723c751e8b465ee728b)
Start importing Assets/Prefabs/Enviroment/AssetsSelfmade/TableChan.prefab using Guid(d18ad809eeaeac346a00a9f7783f7701) Importer(815301076,1909f56bfc062723c751e8b465ee728b)  -> (artifact id: '6d9b58ccffd33e600590602eb44187e9') in 0.014943 seconds 
========================================================================
Received Import Request.
  Time since last request: 2.603896 seconds.
  path: Assets/Prefabs/Enviroment/AssetsSelfmade/TableChan.prefab
  artifactKey: Guid(d18ad809eeaeac346a00a9f7783f7701) Importer(815301076,1909f56bfc062723c751e8b465ee728b)
Start importing Assets/Prefabs/Enviroment/AssetsSelfmade/TableChan.prefab using Guid(d18ad809eeaeac346a00a9f7783f7701) Importer(815301076,1909f56bfc062723c751e8b465ee728b)  -> (artifact id: '1f6d9a39d10e20382872ce63a052ef48') in 0.011095 seconds 
========================================================================
Received Import Request.
  Time since last request: 2.205113 seconds.
  path: Assets/Prefabs/Enviroment/AssetsSelfmade/TableChan.prefab
  artifactKey: Guid(d18ad809eeaeac346a00a9f7783f7701) Importer(815301076,1909f56bfc062723c751e8b465ee728b)
Start importing Assets/Prefabs/Enviroment/AssetsSelfmade/TableChan.prefab using Guid(d18ad809eeaeac346a00a9f7783f7701) Importer(815301076,1909f56bfc062723c751e8b465ee728b)  -> (artifact id: 'c0ee8b298876211d54b7850abe41a2ca') in 0.010518 seconds 
========================================================================
Received Import Request.
  Time since last request: 1.597364 seconds.
  path: Assets/Prefabs/Enviroment/AssetsSelfmade/TableChan.prefab
  artifactKey: Guid(d18ad809eeaeac346a00a9f7783f7701) Importer(815301076,1909f56bfc062723c751e8b465ee728b)
Start importing Assets/Prefabs/Enviroment/AssetsSelfmade/TableChan.prefab using Guid(d18ad809eeaeac346a00a9f7783f7701) Importer(815301076,1909f56bfc062723c751e8b465ee728b)  -> (artifact id: '4d6780768563da9f755c8101ff5ba507') in 0.011330 seconds 
========================================================================
Received Import Request.
  Time since last request: 2.192575 seconds.
  path: Assets/Prefabs/Enviroment/AssetsSelfmade/TableChan.prefab
  artifactKey: Guid(d18ad809eeaeac346a00a9f7783f7701) Importer(815301076,1909f56bfc062723c751e8b465ee728b)
Start importing Assets/Prefabs/Enviroment/AssetsSelfmade/TableChan.prefab using Guid(d18ad809eeaeac346a00a9f7783f7701) Importer(815301076,1909f56bfc062723c751e8b465ee728b)  -> (artifact id: 'abbb7fd060ca2c8c3f5e31a878f5d6a7') in 0.018861 seconds 
========================================================================
Received Import Request.
  Time since last request: 2.188973 seconds.
  path: Assets/Prefabs/Enviroment/AssetsSelfmade/TableChan.prefab
  artifactKey: Guid(d18ad809eeaeac346a00a9f7783f7701) Importer(815301076,1909f56bfc062723c751e8b465ee728b)
Start importing Assets/Prefabs/Enviroment/AssetsSelfmade/TableChan.prefab using Guid(d18ad809eeaeac346a00a9f7783f7701) Importer(815301076,1909f56bfc062723c751e8b465ee728b)  -> (artifact id: 'a1dfb1c44f169d07bc2e13023c332af9') in 0.010026 seconds 
========================================================================
Received Import Request.
  Time since last request: 6.431036 seconds.
  path: Assets/Prefabs/Enviroment/AssetsSelfmade/TableChan.prefab
  artifactKey: Guid(d18ad809eeaeac346a00a9f7783f7701) Importer(815301076,1909f56bfc062723c751e8b465ee728b)
Start importing Assets/Prefabs/Enviroment/AssetsSelfmade/TableChan.prefab using Guid(d18ad809eeaeac346a00a9f7783f7701) Importer(815301076,1909f56bfc062723c751e8b465ee728b)  -> (artifact id: 'e7d5cb5a1b332d371a9fb90c2819db02') in 0.010675 seconds 
========================================================================
Received Import Request.
  Time since last request: 2.805243 seconds.
  path: Assets/Prefabs/Enviroment/AssetsSelfmade/TableChan.prefab
  artifactKey: Guid(d18ad809eeaeac346a00a9f7783f7701) Importer(815301076,1909f56bfc062723c751e8b465ee728b)
Start importing Assets/Prefabs/Enviroment/AssetsSelfmade/TableChan.prefab using Guid(d18ad809eeaeac346a00a9f7783f7701) Importer(815301076,1909f56bfc062723c751e8b465ee728b)  -> (artifact id: '5e541b75fb15c40d7c227f1076cf5cfb') in 0.011360 seconds 
========================================================================
Received Import Request.
  Time since last request: 2.403180 seconds.
  path: Assets/Prefabs/Enviroment/AssetsSelfmade/TableChan.prefab
  artifactKey: Guid(d18ad809eeaeac346a00a9f7783f7701) Importer(815301076,1909f56bfc062723c751e8b465ee728b)
Start importing Assets/Prefabs/Enviroment/AssetsSelfmade/TableChan.prefab using Guid(d18ad809eeaeac346a00a9f7783f7701) Importer(815301076,1909f56bfc062723c751e8b465ee728b)  -> (artifact id: '4aa809d00789d02e7783f9893cf448b1') in 0.019951 seconds 
========================================================================
Received Import Request.
  Time since last request: 2.588632 seconds.
  path: Assets/Prefabs/Enviroment/AssetsSelfmade/TableChan.prefab
  artifactKey: Guid(d18ad809eeaeac346a00a9f7783f7701) Importer(815301076,1909f56bfc062723c751e8b465ee728b)
Start importing Assets/Prefabs/Enviroment/AssetsSelfmade/TableChan.prefab using Guid(d18ad809eeaeac346a00a9f7783f7701) Importer(815301076,1909f56bfc062723c751e8b465ee728b)  -> (artifact id: '342d59e71cdbabe581ec5aba71cfe0d2') in 0.014903 seconds 
========================================================================
Received Import Request.
  Time since last request: 1.389127 seconds.
  path: Assets/Prefabs/Enviroment/AssetsSelfmade/TableChan.prefab
  artifactKey: Guid(d18ad809eeaeac346a00a9f7783f7701) Importer(815301076,1909f56bfc062723c751e8b465ee728b)
Start importing Assets/Prefabs/Enviroment/AssetsSelfmade/TableChan.prefab using Guid(d18ad809eeaeac346a00a9f7783f7701) Importer(815301076,1909f56bfc062723c751e8b465ee728b)  -> (artifact id: '704fdfde8841807993c0797193def8a5') in 0.013328 seconds 
========================================================================
Received Prepare
Registering precompiled user dll's ...
Registered in 0.002865 seconds.
Begin MonoManager ReloadAssembly
Native extension for WindowsStandalone target not found
Refreshing native plugins compatible for Editor in 0.55 ms, found 2 plugins.
Preloading 0 native plugins for Editor in 0.00 ms.
Mono: successfully reloaded assembly
- Completed reload, in  0.872 seconds
Domain Reload Profiling:
	ReloadAssembly (872ms)
		BeginReloadAssembly (140ms)
			ExecutionOrderSort (0ms)
			DisableScriptedObjects (6ms)
			BackupInstance (0ms)
			ReleaseScriptingObjects (0ms)
			CreateAndSetChildDomain (45ms)
		EndReloadAssembly (682ms)
			LoadAssemblies (88ms)
			RebuildTransferFunctionScriptingTraits (0ms)
			SetupTypeCache (239ms)
			ReleaseScriptCaches (1ms)
			RebuildScriptCaches (31ms)
			SetupLoadedEditorAssemblies (231ms)
				LogAssemblyErrors (0ms)
				InitializePlatformSupportModulesInManaged (4ms)
				SetLoadedEditorAssemblies (0ms)
				RefreshPlugins (1ms)
				BeforeProcessingInitializeOnLoad (46ms)
				ProcessInitializeOnLoadAttributes (171ms)
				ProcessInitializeOnLoadMethodAttributes (4ms)
				AfterProcessingInitializeOnLoad (5ms)
				EditorAssembliesLoaded (0ms)
			ExecutionOrderSort2 (0ms)
			AwakeInstancesAfterBackupRestoration (12ms)
Platform modules already initialized, skipping
Refreshing native plugins compatible for Editor in 0.64 ms, found 2 plugins.
Preloading 0 native plugins for Editor in 0.00 ms.
Unloading 2652 Unused Serialized files (Serialized files now loaded: 0)
System memory in use before: 125.3 MB.
System memory in use after: 125.5 MB.

Unloading 11 unused Assets to reduce memory usage. Loaded Objects now: 3268.
Total: 2.954900 ms (FindLiveObjects: 0.254600 ms CreateObjectMapping: 0.068000 ms MarkObjects: 2.613400 ms  DeleteObjects: 0.017400 ms)

AssetImportParameters requested are different than current active one (requested -> active):
  custom:framework-win-MediaFoundation: 216162199b28c13a410421893ffa2e32 -> 
  custom:video-decoder-ogg-theora: a1e56fd34408186e4bbccfd4996cb3dc -> 
  custom:container-muxer-webm: aa71ff27fc2769a1b78a27578f13a17b -> 
  custom:container-demuxer-webm: 4f35f7cbe854078d1ac9338744f61a02 -> 
  custom:container-demuxer-ogg: 62fdf1f143b41e24485cea50d1cbac27 -> 
  custom:video-encoder-webm-vp8: eb34c28f22e8b96e1ab97ce403110664 -> 
  custom:video-decoder-webm-vp8: 9c59270c3fd7afecdb556c50c9e8de78 -> 
  custom:audio-decoder-ogg-vorbis: bf7c407c2cedff20999df2af8eb42d56 -> 
  custom:audio-encoder-webm-vorbis: bf7c407c2cedff20999df2af8eb42d56 -> 
========================================================================
Received Import Request.
  Time since last request: 420.025704 seconds.
  path: Assets/Prefabs/Enviroment/AssetsSelfmade/TableChan.prefab
  artifactKey: Guid(d18ad809eeaeac346a00a9f7783f7701) Importer(815301076,1909f56bfc062723c751e8b465ee728b)
Start importing Assets/Prefabs/Enviroment/AssetsSelfmade/TableChan.prefab using Guid(d18ad809eeaeac346a00a9f7783f7701) Importer(815301076,1909f56bfc062723c751e8b465ee728b)  -> (artifact id: '1a65de9b553b680550fd6255d406cfc9') in 0.144699 seconds 
========================================================================
Received Import Request.
  Time since last request: 1.546797 seconds.
  path: Assets/Prefabs/Enviroment/AssetsSelfmade/TableChan.prefab
  artifactKey: Guid(d18ad809eeaeac346a00a9f7783f7701) Importer(815301076,1909f56bfc062723c751e8b465ee728b)
Start importing Assets/Prefabs/Enviroment/AssetsSelfmade/TableChan.prefab using Guid(d18ad809eeaeac346a00a9f7783f7701) Importer(815301076,1909f56bfc062723c751e8b465ee728b)  -> (artifact id: '66908b24af59d262e8fa6c195bb56696') in 0.014254 seconds 
========================================================================
Received Import Request.
  Time since last request: 1.596829 seconds.
  path: Assets/Prefabs/Enviroment/AssetsSelfmade/TableChan.prefab
  artifactKey: Guid(d18ad809eeaeac346a00a9f7783f7701) Importer(815301076,1909f56bfc062723c751e8b465ee728b)
Start importing Assets/Prefabs/Enviroment/AssetsSelfmade/TableChan.prefab using Guid(d18ad809eeaeac346a00a9f7783f7701) Importer(815301076,1909f56bfc062723c751e8b465ee728b)  -> (artifact id: 'f8e91563c2e87951bd2474fc2945f2c9') in 0.015583 seconds 
========================================================================
Received Prepare
Registering precompiled user dll's ...
Registered in 0.002903 seconds.
Begin MonoManager ReloadAssembly
Native extension for WindowsStandalone target not found
Refreshing native plugins compatible for Editor in 0.57 ms, found 2 plugins.
Preloading 0 native plugins for Editor in 0.00 ms.
Mono: successfully reloaded assembly
- Completed reload, in  0.874 seconds
Domain Reload Profiling:
	ReloadAssembly (875ms)
		BeginReloadAssembly (109ms)
			ExecutionOrderSort (0ms)
			DisableScriptedObjects (5ms)
			BackupInstance (0ms)
			ReleaseScriptingObjects (0ms)
			CreateAndSetChildDomain (37ms)
		EndReloadAssembly (715ms)
			LoadAssemblies (83ms)
			RebuildTransferFunctionScriptingTraits (0ms)
			SetupTypeCache (253ms)
			ReleaseScriptCaches (1ms)
			RebuildScriptCaches (38ms)
			SetupLoadedEditorAssemblies (238ms)
				LogAssemblyErrors (0ms)
				InitializePlatformSupportModulesInManaged (4ms)
				SetLoadedEditorAssemblies (0ms)
				RefreshPlugins (1ms)
				BeforeProcessingInitializeOnLoad (49ms)
				ProcessInitializeOnLoadAttributes (174ms)
				ProcessInitializeOnLoadMethodAttributes (4ms)
				AfterProcessingInitializeOnLoad (5ms)
				EditorAssembliesLoaded (0ms)
			ExecutionOrderSort2 (0ms)
			AwakeInstancesAfterBackupRestoration (13ms)
Platform modules already initialized, skipping
Refreshing native plugins compatible for Editor in 0.57 ms, found 2 plugins.
Preloading 0 native plugins for Editor in 0.00 ms.
Unloading 2652 Unused Serialized files (Serialized files now loaded: 0)
System memory in use before: 125.3 MB.
System memory in use after: 125.6 MB.

Unloading 11 unused Assets to reduce memory usage. Loaded Objects now: 3306.
Total: 4.173200 ms (FindLiveObjects: 0.325200 ms CreateObjectMapping: 0.209200 ms MarkObjects: 3.618900 ms  DeleteObjects: 0.018600 ms)

AssetImportParameters requested are different than current active one (requested -> active):
  custom:framework-win-MediaFoundation: 216162199b28c13a410421893ffa2e32 -> 
  custom:video-decoder-ogg-theora: a1e56fd34408186e4bbccfd4996cb3dc -> 
  custom:container-muxer-webm: aa71ff27fc2769a1b78a27578f13a17b -> 
  custom:container-demuxer-webm: 4f35f7cbe854078d1ac9338744f61a02 -> 
  custom:container-demuxer-ogg: 62fdf1f143b41e24485cea50d1cbac27 -> 
  custom:video-encoder-webm-vp8: eb34c28f22e8b96e1ab97ce403110664 -> 
  custom:video-decoder-webm-vp8: 9c59270c3fd7afecdb556c50c9e8de78 -> 
  custom:audio-decoder-ogg-vorbis: bf7c407c2cedff20999df2af8eb42d56 -> 
  custom:audio-encoder-webm-vorbis: bf7c407c2cedff20999df2af8eb42d56 -> 
========================================================================
Received Import Request.
  Time since last request: 88.426714 seconds.
  path: Assets/Scripts/BaseScripts/StatusEffects.cs
  artifactKey: Guid(7b08195c4ca0e864191ab3670dbd3f91) Importer(815301076,1909f56bfc062723c751e8b465ee728b)
Start importing Assets/Scripts/BaseScripts/StatusEffects.cs using Guid(7b08195c4ca0e864191ab3670dbd3f91) Importer(815301076,1909f56bfc062723c751e8b465ee728b)  -> (artifact id: 'dc8586c68bca1694331c557abb618138') in 0.013260 seconds 
========================================================================
Received Import Request.
  Time since last request: 100.664885 seconds.
  path: Assets/Scripts/BaseScripts/StatusEffects.cs
  artifactKey: Guid(7b08195c4ca0e864191ab3670dbd3f91) Importer(815301076,1909f56bfc062723c751e8b465ee728b)
Start importing Assets/Scripts/BaseScripts/StatusEffects.cs using Guid(7b08195c4ca0e864191ab3670dbd3f91) Importer(815301076,1909f56bfc062723c751e8b465ee728b)  -> (artifact id: '68240f9005bf7899dc634e402e88bd60') in 0.003347 seconds 
========================================================================
Received Prepare
Registering precompiled user dll's ...
Registered in 0.002595 seconds.
Begin MonoManager ReloadAssembly
Native extension for WindowsStandalone target not found
Refreshing native plugins compatible for Editor in 0.56 ms, found 2 plugins.
Preloading 0 native plugins for Editor in 0.00 ms.
Mono: successfully reloaded assembly
- Completed reload, in  0.853 seconds
Domain Reload Profiling:
	ReloadAssembly (853ms)
		BeginReloadAssembly (123ms)
			ExecutionOrderSort (0ms)
			DisableScriptedObjects (4ms)
			BackupInstance (0ms)
			ReleaseScriptingObjects (0ms)
			CreateAndSetChildDomain (37ms)
		EndReloadAssembly (679ms)
			LoadAssemblies (85ms)
			RebuildTransferFunctionScriptingTraits (0ms)
			SetupTypeCache (239ms)
			ReleaseScriptCaches (1ms)
			RebuildScriptCaches (30ms)
			SetupLoadedEditorAssemblies (230ms)
				LogAssemblyErrors (0ms)
				InitializePlatformSupportModulesInManaged (4ms)
				SetLoadedEditorAssemblies (0ms)
				RefreshPlugins (1ms)
				BeforeProcessingInitializeOnLoad (48ms)
				ProcessInitializeOnLoadAttributes (167ms)
				ProcessInitializeOnLoadMethodAttributes (4ms)
				AfterProcessingInitializeOnLoad (5ms)
				EditorAssembliesLoaded (0ms)
			ExecutionOrderSort2 (0ms)
			AwakeInstancesAfterBackupRestoration (13ms)
Platform modules already initialized, skipping
Refreshing native plugins compatible for Editor in 0.64 ms, found 2 plugins.
Preloading 0 native plugins for Editor in 0.00 ms.
Unloading 2652 Unused Serialized files (Serialized files now loaded: 0)
System memory in use before: 125.3 MB.
System memory in use after: 125.5 MB.

Unloading 11 unused Assets to reduce memory usage. Loaded Objects now: 3308.
Total: 2.939000 ms (FindLiveObjects: 0.231900 ms CreateObjectMapping: 0.076400 ms MarkObjects: 2.613000 ms  DeleteObjects: 0.017000 ms)

AssetImportParameters requested are different than current active one (requested -> active):
  custom:framework-win-MediaFoundation: 216162199b28c13a410421893ffa2e32 -> 
  custom:video-decoder-ogg-theora: a1e56fd34408186e4bbccfd4996cb3dc -> 
  custom:container-muxer-webm: aa71ff27fc2769a1b78a27578f13a17b -> 
  custom:container-demuxer-webm: 4f35f7cbe854078d1ac9338744f61a02 -> 
  custom:container-demuxer-ogg: 62fdf1f143b41e24485cea50d1cbac27 -> 
  custom:video-encoder-webm-vp8: eb34c28f22e8b96e1ab97ce403110664 -> 
  custom:video-decoder-webm-vp8: 9c59270c3fd7afecdb556c50c9e8de78 -> 
  custom:audio-decoder-ogg-vorbis: bf7c407c2cedff20999df2af8eb42d56 -> 
  custom:audio-encoder-webm-vorbis: bf7c407c2cedff20999df2af8eb42d56 -> 
========================================================================
Received Prepare
Registering precompiled user dll's ...
Registered in 0.002704 seconds.
Begin MonoManager ReloadAssembly
Native extension for WindowsStandalone target not found
Refreshing native plugins compatible for Editor in 0.60 ms, found 2 plugins.
Preloading 0 native plugins for Editor in 0.00 ms.
Mono: successfully reloaded assembly
- Completed reload, in  1.001 seconds
Domain Reload Profiling:
	ReloadAssembly (1002ms)
		BeginReloadAssembly (135ms)
			ExecutionOrderSort (0ms)
			DisableScriptedObjects (4ms)
			BackupInstance (0ms)
			ReleaseScriptingObjects (0ms)
			CreateAndSetChildDomain (42ms)
		EndReloadAssembly (807ms)
			LoadAssemblies (82ms)
			RebuildTransferFunctionScriptingTraits (0ms)
			SetupTypeCache (254ms)
			ReleaseScriptCaches (2ms)
			RebuildScriptCaches (35ms)
			SetupLoadedEditorAssemblies (297ms)
				LogAssemblyErrors (0ms)
				InitializePlatformSupportModulesInManaged (5ms)
				SetLoadedEditorAssemblies (0ms)
				RefreshPlugins (1ms)
				BeforeProcessingInitializeOnLoad (51ms)
				ProcessInitializeOnLoadAttributes (228ms)
				ProcessInitializeOnLoadMethodAttributes (4ms)
				AfterProcessingInitializeOnLoad (7ms)
				EditorAssembliesLoaded (0ms)
			ExecutionOrderSort2 (0ms)
			AwakeInstancesAfterBackupRestoration (14ms)
Platform modules already initialized, skipping
Refreshing native plugins compatible for Editor in 0.67 ms, found 2 plugins.
Preloading 0 native plugins for Editor in 0.00 ms.
Unloading 2652 Unused Serialized files (Serialized files now loaded: 0)
System memory in use before: 125.3 MB.
System memory in use after: 125.5 MB.

Unloading 11 unused Assets to reduce memory usage. Loaded Objects now: 3310.
Total: 5.724600 ms (FindLiveObjects: 0.255300 ms CreateObjectMapping: 0.074100 ms MarkObjects: 5.371900 ms  DeleteObjects: 0.021600 ms)

AssetImportParameters requested are different than current active one (requested -> active):
  custom:framework-win-MediaFoundation: 216162199b28c13a410421893ffa2e32 -> 
  custom:video-decoder-ogg-theora: a1e56fd34408186e4bbccfd4996cb3dc -> 
  custom:container-muxer-webm: aa71ff27fc2769a1b78a27578f13a17b -> 
  custom:container-demuxer-webm: 4f35f7cbe854078d1ac9338744f61a02 -> 
  custom:container-demuxer-ogg: 62fdf1f143b41e24485cea50d1cbac27 -> 
  custom:video-encoder-webm-vp8: eb34c28f22e8b96e1ab97ce403110664 -> 
  custom:video-decoder-webm-vp8: 9c59270c3fd7afecdb556c50c9e8de78 -> 
  custom:audio-decoder-ogg-vorbis: bf7c407c2cedff20999df2af8eb42d56 -> 
  custom:audio-encoder-webm-vorbis: bf7c407c2cedff20999df2af8eb42d56 -> 
========================================================================
Received Import Request.
  Time since last request: 401.298537 seconds.
  path: Assets/Scripts/BaseScripts/StatusEffects.cs
  artifactKey: Guid(7b08195c4ca0e864191ab3670dbd3f91) Importer(815301076,1909f56bfc062723c751e8b465ee728b)
Start importing Assets/Scripts/BaseScripts/StatusEffects.cs using Guid(7b08195c4ca0e864191ab3670dbd3f91) Importer(815301076,1909f56bfc062723c751e8b465ee728b)  -> (artifact id: 'a3a7f5e7ceeb42e261394d91547266cd') in 0.007433 seconds 
========================================================================
Received Prepare
Registering precompiled user dll's ...
Registered in 0.002426 seconds.
Begin MonoManager ReloadAssembly
Native extension for WindowsStandalone target not found
Refreshing native plugins compatible for Editor in 0.61 ms, found 2 plugins.
Preloading 0 native plugins for Editor in 0.00 ms.
Mono: successfully reloaded assembly
- Completed reload, in  0.927 seconds
Domain Reload Profiling:
	ReloadAssembly (928ms)
		BeginReloadAssembly (112ms)
			ExecutionOrderSort (0ms)
			DisableScriptedObjects (4ms)
			BackupInstance (0ms)
			ReleaseScriptingObjects (0ms)
			CreateAndSetChildDomain (35ms)
		EndReloadAssembly (764ms)
			LoadAssemblies (78ms)
			RebuildTransferFunctionScriptingTraits (0ms)
			SetupTypeCache (291ms)
			ReleaseScriptCaches (2ms)
			RebuildScriptCaches (37ms)
			SetupLoadedEditorAssemblies (244ms)
				LogAssemblyErrors (0ms)
				InitializePlatformSupportModulesInManaged (4ms)
				SetLoadedEditorAssemblies (0ms)
				RefreshPlugins (1ms)
				BeforeProcessingInitializeOnLoad (51ms)
				ProcessInitializeOnLoadAttributes (178ms)
				ProcessInitializeOnLoadMethodAttributes (5ms)
				AfterProcessingInitializeOnLoad (6ms)
				EditorAssembliesLoaded (0ms)
			ExecutionOrderSort2 (0ms)
			AwakeInstancesAfterBackupRestoration (14ms)
Platform modules already initialized, skipping
Refreshing native plugins compatible for Editor in 0.57 ms, found 2 plugins.
Preloading 0 native plugins for Editor in 0.00 ms.
Unloading 2652 Unused Serialized files (Serialized files now loaded: 0)
System memory in use before: 125.3 MB.
System memory in use after: 125.5 MB.

Unloading 11 unused Assets to reduce memory usage. Loaded Objects now: 3312.
Total: 3.192800 ms (FindLiveObjects: 0.254100 ms CreateObjectMapping: 0.085700 ms MarkObjects: 2.832300 ms  DeleteObjects: 0.019100 ms)

AssetImportParameters requested are different than current active one (requested -> active):
  custom:framework-win-MediaFoundation: 216162199b28c13a410421893ffa2e32 -> 
  custom:video-decoder-ogg-theora: a1e56fd34408186e4bbccfd4996cb3dc -> 
  custom:container-muxer-webm: aa71ff27fc2769a1b78a27578f13a17b -> 
  custom:container-demuxer-webm: 4f35f7cbe854078d1ac9338744f61a02 -> 
  custom:container-demuxer-ogg: 62fdf1f143b41e24485cea50d1cbac27 -> 
  custom:video-encoder-webm-vp8: eb34c28f22e8b96e1ab97ce403110664 -> 
  custom:video-decoder-webm-vp8: 9c59270c3fd7afecdb556c50c9e8de78 -> 
  custom:audio-decoder-ogg-vorbis: bf7c407c2cedff20999df2af8eb42d56 -> 
  custom:audio-encoder-webm-vorbis: bf7c407c2cedff20999df2af8eb42d56 -> 
========================================================================
Received Prepare
Registering precompiled user dll's ...
Registered in 0.004100 seconds.
Begin MonoManager ReloadAssembly
Native extension for WindowsStandalone target not found
Refreshing native plugins compatible for Editor in 0.60 ms, found 2 plugins.
Preloading 0 native plugins for Editor in 0.00 ms.
Mono: successfully reloaded assembly
- Completed reload, in  1.008 seconds
Domain Reload Profiling:
	ReloadAssembly (1008ms)
		BeginReloadAssembly (122ms)
			ExecutionOrderSort (0ms)
			DisableScriptedObjects (5ms)
			BackupInstance (0ms)
			ReleaseScriptingObjects (0ms)
			CreateAndSetChildDomain (39ms)
		EndReloadAssembly (829ms)
			LoadAssemblies (87ms)
			RebuildTransferFunctionScriptingTraits (0ms)
			SetupTypeCache (271ms)
			ReleaseScriptCaches (2ms)
			RebuildScriptCaches (41ms)
			SetupLoadedEditorAssemblies (309ms)
				LogAssemblyErrors (0ms)
				InitializePlatformSupportModulesInManaged (6ms)
				SetLoadedEditorAssemblies (0ms)
				RefreshPlugins (1ms)
				BeforeProcessingInitializeOnLoad (69ms)
				ProcessInitializeOnLoadAttributes (223ms)
				ProcessInitializeOnLoadMethodAttributes (5ms)
				AfterProcessingInitializeOnLoad (6ms)
				EditorAssembliesLoaded (0ms)
			ExecutionOrderSort2 (0ms)
			AwakeInstancesAfterBackupRestoration (17ms)
Platform modules already initialized, skipping
Refreshing native plugins compatible for Editor in 0.58 ms, found 2 plugins.
Preloading 0 native plugins for Editor in 0.00 ms.
Unloading 2652 Unused Serialized files (Serialized files now loaded: 0)
System memory in use before: 125.3 MB.
System memory in use after: 125.5 MB.

Unloading 11 unused Assets to reduce memory usage. Loaded Objects now: 3314.
Total: 4.251700 ms (FindLiveObjects: 0.432800 ms CreateObjectMapping: 0.104200 ms MarkObjects: 3.692900 ms  DeleteObjects: 0.020100 ms)

AssetImportParameters requested are different than current active one (requested -> active):
  custom:framework-win-MediaFoundation: 216162199b28c13a410421893ffa2e32 -> 
  custom:video-decoder-ogg-theora: a1e56fd34408186e4bbccfd4996cb3dc -> 
  custom:container-muxer-webm: aa71ff27fc2769a1b78a27578f13a17b -> 
  custom:container-demuxer-webm: 4f35f7cbe854078d1ac9338744f61a02 -> 
  custom:container-demuxer-ogg: 62fdf1f143b41e24485cea50d1cbac27 -> 
  custom:video-encoder-webm-vp8: eb34c28f22e8b96e1ab97ce403110664 -> 
  custom:video-decoder-webm-vp8: 9c59270c3fd7afecdb556c50c9e8de78 -> 
  custom:audio-decoder-ogg-vorbis: bf7c407c2cedff20999df2af8eb42d56 -> 
  custom:audio-encoder-webm-vorbis: bf7c407c2cedff20999df2af8eb42d56 -> 
========================================================================
Received Prepare
Registering precompiled user dll's ...
Registered in 0.002807 seconds.
Begin MonoManager ReloadAssembly
Native extension for WindowsStandalone target not found
Refreshing native plugins compatible for Editor in 0.78 ms, found 2 plugins.
Preloading 0 native plugins for Editor in 0.00 ms.
Mono: successfully reloaded assembly
- Completed reload, in  1.048 seconds
Domain Reload Profiling:
	ReloadAssembly (1048ms)
		BeginReloadAssembly (116ms)
			ExecutionOrderSort (0ms)
			DisableScriptedObjects (5ms)
			BackupInstance (0ms)
			ReleaseScriptingObjects (0ms)
			CreateAndSetChildDomain (35ms)
		EndReloadAssembly (877ms)
			LoadAssemblies (75ms)
			RebuildTransferFunctionScriptingTraits (0ms)
			SetupTypeCache (306ms)
			ReleaseScriptCaches (2ms)
			RebuildScriptCaches (40ms)
			SetupLoadedEditorAssemblies (313ms)
				LogAssemblyErrors (0ms)
				InitializePlatformSupportModulesInManaged (5ms)
				SetLoadedEditorAssemblies (0ms)
				RefreshPlugins (1ms)
				BeforeProcessingInitializeOnLoad (63ms)
				ProcessInitializeOnLoadAttributes (232ms)
				ProcessInitializeOnLoadMethodAttributes (5ms)
				AfterProcessingInitializeOnLoad (6ms)
				EditorAssembliesLoaded (0ms)
			ExecutionOrderSort2 (0ms)
			AwakeInstancesAfterBackupRestoration (17ms)
Platform modules already initialized, skipping
Refreshing native plugins compatible for Editor in 0.86 ms, found 2 plugins.
Preloading 0 native plugins for Editor in 0.00 ms.
Unloading 2652 Unused Serialized files (Serialized files now loaded: 0)
System memory in use before: 125.3 MB.
System memory in use after: 125.6 MB.

Unloading 11 unused Assets to reduce memory usage. Loaded Objects now: 3316.
Total: 4.475800 ms (FindLiveObjects: 0.296700 ms CreateObjectMapping: 0.223600 ms MarkObjects: 3.931400 ms  DeleteObjects: 0.022600 ms)

AssetImportParameters requested are different than current active one (requested -> active):
  custom:framework-win-MediaFoundation: 216162199b28c13a410421893ffa2e32 -> 
  custom:video-decoder-ogg-theora: a1e56fd34408186e4bbccfd4996cb3dc -> 
  custom:container-muxer-webm: aa71ff27fc2769a1b78a27578f13a17b -> 
  custom:container-demuxer-webm: 4f35f7cbe854078d1ac9338744f61a02 -> 
  custom:container-demuxer-ogg: 62fdf1f143b41e24485cea50d1cbac27 -> 
  custom:video-encoder-webm-vp8: eb34c28f22e8b96e1ab97ce403110664 -> 
  custom:video-decoder-webm-vp8: 9c59270c3fd7afecdb556c50c9e8de78 -> 
  custom:audio-decoder-ogg-vorbis: bf7c407c2cedff20999df2af8eb42d56 -> 
  custom:audio-encoder-webm-vorbis: bf7c407c2cedff20999df2af8eb42d56 -> 
========================================================================
Received Prepare
Registering precompiled user dll's ...
Registered in 0.002917 seconds.
Begin MonoManager ReloadAssembly
Native extension for WindowsStandalone target not found
Refreshing native plugins compatible for Editor in 0.57 ms, found 2 plugins.
Preloading 0 native plugins for Editor in 0.00 ms.
Mono: successfully reloaded assembly
- Completed reload, in  0.891 seconds
Domain Reload Profiling:
	ReloadAssembly (891ms)
		BeginReloadAssembly (123ms)
			ExecutionOrderSort (0ms)
			DisableScriptedObjects (5ms)
			BackupInstance (0ms)
			ReleaseScriptingObjects (0ms)
			CreateAndSetChildDomain (35ms)
		EndReloadAssembly (712ms)
			LoadAssemblies (79ms)
			RebuildTransferFunctionScriptingTraits (0ms)
			SetupTypeCache (237ms)
			ReleaseScriptCaches (2ms)
			RebuildScriptCaches (33ms)
			SetupLoadedEditorAssemblies (252ms)
				LogAssemblyErrors (0ms)
				InitializePlatformSupportModulesInManaged (5ms)
				SetLoadedEditorAssemblies (0ms)
				RefreshPlugins (1ms)
				BeforeProcessingInitializeOnLoad (54ms)
				ProcessInitializeOnLoadAttributes (182ms)
				ProcessInitializeOnLoadMethodAttributes (4ms)
				AfterProcessingInitializeOnLoad (6ms)
				EditorAssembliesLoaded (0ms)
			ExecutionOrderSort2 (0ms)
			AwakeInstancesAfterBackupRestoration (13ms)
Platform modules already initialized, skipping
Refreshing native plugins compatible for Editor in 0.63 ms, found 2 plugins.
Preloading 0 native plugins for Editor in 0.00 ms.
Unloading 2652 Unused Serialized files (Serialized files now loaded: 0)
System memory in use before: 125.3 MB.
System memory in use after: 125.6 MB.

Unloading 11 unused Assets to reduce memory usage. Loaded Objects now: 3318.
Total: 3.379900 ms (FindLiveObjects: 0.263900 ms CreateObjectMapping: 0.146700 ms MarkObjects: 2.951200 ms  DeleteObjects: 0.016900 ms)

AssetImportParameters requested are different than current active one (requested -> active):
  custom:framework-win-MediaFoundation: 216162199b28c13a410421893ffa2e32 -> 
  custom:video-decoder-ogg-theora: a1e56fd34408186e4bbccfd4996cb3dc -> 
  custom:container-muxer-webm: aa71ff27fc2769a1b78a27578f13a17b -> 
  custom:container-demuxer-webm: 4f35f7cbe854078d1ac9338744f61a02 -> 
  custom:container-demuxer-ogg: 62fdf1f143b41e24485cea50d1cbac27 -> 
  custom:video-encoder-webm-vp8: eb34c28f22e8b96e1ab97ce403110664 -> 
  custom:video-decoder-webm-vp8: 9c59270c3fd7afecdb556c50c9e8de78 -> 
  custom:audio-decoder-ogg-vorbis: bf7c407c2cedff20999df2af8eb42d56 -> 
  custom:audio-encoder-webm-vorbis: bf7c407c2cedff20999df2af8eb42d56 -> 
AssetImportWorkerClient::OnTransportError - code=2 error=End of file
